0 info it worked if it ends with ok
1 verbose cli [ '/Users/shinoda/.nodebrew/current/bin/node',
1 verbose cli   '/Users/shinoda/.nodebrew/current/bin/npm',
1 verbose cli   'run',
1 verbose cli   'build' ]
2 info using npm@1.4.28
3 info using node@v0.10.33
4 verbose node symlink /Users/shinoda/.nodebrew/current/bin/node
5 verbose run-script [ 'prebuild', 'build', 'postbuild' ]
6 info prebuild @
7 info build @
8 verbose unsafe-perm in lifecycle true
9 info @ Failed to exec build script
10 error @ build: `next build`
10 error Exit status 8
11 error Failed at the @ build script.
11 error This is most likely a problem with the  package,
11 error not with npm itself.
11 error Tell the author that this fails on your system:
11 error     next build
11 error You can get their info via:
11 error     npm owner ls
11 error There is likely additional logging output above.
12 error System Darwin 19.0.0
13 error command "/Users/shinoda/.nodebrew/current/bin/node" "/Users/shinoda/.nodebrew/current/bin/npm" "run" "build"
14 error cwd /Users/shinoda/Desktop/Whiteboard
15 error node -v v0.10.33
16 error npm -v 1.4.28
17 error code ELIFECYCLE
18 verbose exit [ 1, true ]
